Replace Part C? CMP-06035-012913-1 in C:\Users\xande\Local_Documents\Altium\M7_DSP\M7_DSP\M7_DSP_Power_Supply.SchDoc with CMP-06035-012913-1 from M7_DSP.SchLib
Replace Part C? CMP-06035-012913-1 in C:\Users\xande\Local_Documents\Altium\M7_DSP\M7_DSP\M7_DSP_Power_Supply.SchDoc with CMP-06035-012913-1 from M7_DSP.SchLib
Replace Part C? CMP-06035-012913-1 in C:\Users\xande\Local_Documents\Altium\M7_DSP\M7_DSP\M7_DSP_Power_Supply.SchDoc with CMP-06035-012913-1 from M7_DSP.SchLib
Replace Part C? CMP-14477-003834-2 in C:\Users\xande\Local_Documents\Altium\M7_DSP\M7_DSP\M7_DSP_Power_Supply.SchDoc with CMP-14477-003834-2 from M7_DSP.SchLib
Replace Part C? CMP-14477-005164-2 in C:\Users\xande\Local_Documents\Altium\M7_DSP\M7_DSP\M7_DSP_Power_Supply.SchDoc with CMP-14477-005164-2 from M7_DSP.SchLib
Replace Part C? CMP-06035-012913-1 in C:\Users\xande\Local_Documents\Altium\M7_DSP\M7_DSP\M7_DSP_Power_Supply.SchDoc with CMP-06035-012913-1 from M7_DSP.SchLib
Replace Part C? CMP-1035-02594-2 in C:\Users\xande\Local_Documents\Altium\M7_DSP\M7_DSP\M7_DSP_Power_Supply.SchDoc with CMP-1035-02594-2 from M7_DSP.SchLib
Replace Part C? CMP-06035-012913-1 in C:\Users\xande\Local_Documents\Altium\M7_DSP\M7_DSP\M7_DSP_Power_Supply.SchDoc with CMP-06035-012913-1 from M7_DSP.SchLib
Replace Part C? CMP-06035-012913-1 in C:\Users\xande\Local_Documents\Altium\M7_DSP\M7_DSP\M7_DSP_Power_Supply.SchDoc with CMP-06035-012913-1 from M7_DSP.SchLib
Replace Part C? CMP-06035-012913-1 in C:\Users\xande\Local_Documents\Altium\M7_DSP\M7_DSP\M7_DSP_Power_Supply.SchDoc with CMP-06035-012913-1 from M7_DSP.SchLib
Replace Part C? CMP-14477-005164-2 in C:\Users\xande\Local_Documents\Altium\M7_DSP\M7_DSP\M7_DSP_Power_Supply.SchDoc with CMP-14477-005164-2 from M7_DSP.SchLib
Replace Part C? GRM21BC71E106ME11L in C:\Users\xande\Local_Documents\Altium\M7_DSP\M7_DSP\M7_DSP_Power_Supply.SchDoc with GRM21BC71E106ME11L from M7_DSP.SchLib
Replace Part C? GRM21BC71E106ME11L in C:\Users\xande\Local_Documents\Altium\M7_DSP\M7_DSP\M7_DSP_Power_Supply.SchDoc with GRM21BC71E106ME11L from M7_DSP.SchLib
Replace Part D? CMP-0548-00266-2 in C:\Users\xande\Local_Documents\Altium\M7_DSP\M7_DSP\M7_DSP_Power_Supply.SchDoc with CMP-0548-00266-2 from M7_DSP.SchLib
Replace Part D? CMP-1060-00589-1 in C:\Users\xande\Local_Documents\Altium\M7_DSP\M7_DSP\M7_DSP_Power_Supply.SchDoc with CMP-1060-00589-1 from M7_DSP.SchLib
Replace Part L? CMP-03913-130031011-1 in C:\Users\xande\Local_Documents\Altium\M7_DSP\M7_DSP\M7_DSP_Power_Supply.SchDoc with CMP-03913-130031011-1 from M7_DSP.SchLib
Replace Part Q? SSM3J372R,LF in C:\Users\xande\Local_Documents\Altium\M7_DSP\M7_DSP\M7_DSP_Power_Supply.SchDoc with SSM3J372R,LF from M7_DSP.SchLib
Replace Part R? CMP-03412-018794-2 in C:\Users\xande\Local_Documents\Altium\M7_DSP\M7_DSP\M7_DSP_Power_Supply.SchDoc with CMP-03412-018794-2 from M7_DSP.SchLib
Replace Part R? CMP-2000-04816-3 in C:\Users\xande\Local_Documents\Altium\M7_DSP\M7_DSP\M7_DSP_Power_Supply.SchDoc with CMP-2000-04816-3 from M7_DSP.SchLib
Replace Part R? CMP-2000-04818-3 in C:\Users\xande\Local_Documents\Altium\M7_DSP\M7_DSP\M7_DSP_Power_Supply.SchDoc with CMP-2000-04818-3 from M7_DSP.SchLib
Replace Part R? CMP-03412-003482-2 in C:\Users\xande\Local_Documents\Altium\M7_DSP\M7_DSP\M7_DSP_Power_Supply.SchDoc with CMP-03412-003482-2 from M7_DSP.SchLib
Replace Part R? CMP-2000-04818-3 in C:\Users\xande\Local_Documents\Altium\M7_DSP\M7_DSP\M7_DSP_Power_Supply.SchDoc with CMP-2000-04818-3 from M7_DSP.SchLib
Replace Part R? CMP-2000-04817-3 in C:\Users\xande\Local_Documents\Altium\M7_DSP\M7_DSP\M7_DSP_Power_Supply.SchDoc with CMP-2000-04817-3 from M7_DSP.SchLib
Replace Part U? CMP-0592-00001-4 in C:\Users\xande\Local_Documents\Altium\M7_DSP\M7_DSP\M7_DSP_Power_Supply.SchDoc with CMP-0592-00001-4 from M7_DSP.SchLib
Replace Part U? CMP-04918-000001-1 in C:\Users\xande\Local_Documents\Altium\M7_DSP\M7_DSP\M7_DSP_Power_Supply.SchDoc with CMP-04918-000001-1 from M7_DSP.SchLib
