Replace Part C? CMP-1035-01569-3 in C:\Users\xande\Local_Documents\Altium\M7_DSP\M7_DSP\M7_DSP_Codec.SchDoc with CMP-1035-01569-3 from M7_DSP.SchLib
Replace Part C? GRM21BC71E106ME11L in C:\Users\xande\Local_Documents\Altium\M7_DSP\M7_DSP\M7_DSP_Codec.SchDoc with GRM21BC71E106ME11L from M7_DSP.SchLib
Replace Part C? CMP-1035-01569-3 in C:\Users\xande\Local_Documents\Altium\M7_DSP\M7_DSP\M7_DSP_Codec.SchDoc with CMP-1035-01569-3 from M7_DSP.SchLib
Replace Part C? CMP-1035-02594-2 in C:\Users\xande\Local_Documents\Altium\M7_DSP\M7_DSP\M7_DSP_Codec.SchDoc with CMP-1035-02594-2 from M7_DSP.SchLib
Replace Part C? CMP-1035-02594-2 in C:\Users\xande\Local_Documents\Altium\M7_DSP\M7_DSP\M7_DSP_Codec.SchDoc with CMP-1035-02594-2 from M7_DSP.SchLib
Replace Part C? CMP-1035-02594-2 in C:\Users\xande\Local_Documents\Altium\M7_DSP\M7_DSP\M7_DSP_Codec.SchDoc with CMP-1035-02594-2 from M7_DSP.SchLib
Replace Part C? GRM21BC71E106ME11L in C:\Users\xande\Local_Documents\Altium\M7_DSP\M7_DSP\M7_DSP_Codec.SchDoc with GRM21BC71E106ME11L from M7_DSP.SchLib
Replace Part C? CMP-1035-02594-2 in C:\Users\xande\Local_Documents\Altium\M7_DSP\M7_DSP\M7_DSP_Codec.SchDoc with CMP-1035-02594-2 from M7_DSP.SchLib
Replace Part C? CMP-1035-02594-2 in C:\Users\xande\Local_Documents\Altium\M7_DSP\M7_DSP\M7_DSP_Codec.SchDoc with CMP-1035-02594-2 from M7_DSP.SchLib
Replace Part C? CMP-14477-005164-2 in C:\Users\xande\Local_Documents\Altium\M7_DSP\M7_DSP\M7_DSP_Codec.SchDoc with CMP-14477-005164-2 from M7_DSP.SchLib
Replace Part C? CMP-14477-005164-2 in C:\Users\xande\Local_Documents\Altium\M7_DSP\M7_DSP\M7_DSP_Codec.SchDoc with CMP-14477-005164-2 from M7_DSP.SchLib
Replace Part C? CMP-14477-005164-2 in C:\Users\xande\Local_Documents\Altium\M7_DSP\M7_DSP\M7_DSP_Codec.SchDoc with CMP-14477-005164-2 from M7_DSP.SchLib
Replace Part D? CMP-0881-00001-1 in C:\Users\xande\Local_Documents\Altium\M7_DSP\M7_DSP\M7_DSP_Codec.SchDoc with CMP-0881-00001-1 from M7_DSP.SchLib
Replace Part D? CMP-0881-00001-1 in C:\Users\xande\Local_Documents\Altium\M7_DSP\M7_DSP\M7_DSP_Codec.SchDoc with CMP-0881-00001-1 from M7_DSP.SchLib
Replace Part D? CMP-0881-00001-1 in C:\Users\xande\Local_Documents\Altium\M7_DSP\M7_DSP\M7_DSP_Codec.SchDoc with CMP-0881-00001-1 from M7_DSP.SchLib
Replace Part D? CMP-0881-00001-1 in C:\Users\xande\Local_Documents\Altium\M7_DSP\M7_DSP\M7_DSP_Codec.SchDoc with CMP-0881-00001-1 from M7_DSP.SchLib
Replace Part R? CMP-2000-04831-3 in C:\Users\xande\Local_Documents\Altium\M7_DSP\M7_DSP\M7_DSP_Codec.SchDoc with CMP-2000-04831-3 from M7_DSP.SchLib
Replace Part R? CMP-2000-04818-3 in C:\Users\xande\Local_Documents\Altium\M7_DSP\M7_DSP\M7_DSP_Codec.SchDoc with CMP-2000-04818-3 from M7_DSP.SchLib
Replace Part R? CMP-2000-04818-3 in C:\Users\xande\Local_Documents\Altium\M7_DSP\M7_DSP\M7_DSP_Codec.SchDoc with CMP-2000-04818-3 from M7_DSP.SchLib
Replace Part R? CMP-2000-04828-3 in C:\Users\xande\Local_Documents\Altium\M7_DSP\M7_DSP\M7_DSP_Codec.SchDoc with CMP-2000-04828-3 from M7_DSP.SchLib
Replace Part R? CMP-2000-04828-3 in C:\Users\xande\Local_Documents\Altium\M7_DSP\M7_DSP\M7_DSP_Codec.SchDoc with CMP-2000-04828-3 from M7_DSP.SchLib
Replace Part R? CMP-2000-04831-3 in C:\Users\xande\Local_Documents\Altium\M7_DSP\M7_DSP\M7_DSP_Codec.SchDoc with CMP-2000-04831-3 from M7_DSP.SchLib
Replace Part U? PCM3060PWR in C:\Users\xande\Local_Documents\Altium\M7_DSP\M7_DSP\M7_DSP_Codec.SchDoc with PCM3060PWR from M7_DSP.SchLib
Replace Part U? TL072HIDR in C:\Users\xande\Local_Documents\Altium\M7_DSP\M7_DSP\M7_DSP_Codec.SchDoc with TL072HIDR from M7_DSP.SchLib
Replace Part U? TL072HIDR in C:\Users\xande\Local_Documents\Altium\M7_DSP\M7_DSP\M7_DSP_Codec.SchDoc with TL072HIDR from M7_DSP.SchLib
